Arguments: 
  C:\Program Files\nodejs\node.exe C:\Users\lavila\AppData\Roaming\npm\node_modules\yarn\bin\yarn.js i

PATH: 
  C:\Python310\Scripts\;C:\Python310\;C:\WINDOWS\system32;C:\WINDOWS;C:\WINDOWS\System32\Wbem;C:\WINDOWS\System32\WindowsPowerShell\v1.0\;C:\WINDOWS\System32\OpenSSH\;C:\Program Files\Intel\WiFi\bin\;C:\Program Files\Common Files\Intel\WirelessCommon\;C:\Program Files\nodejs\;C:\ProgramData\chocolatey\bin;C:\Program Files\dotnet\;C:\Users\lavila\AppData\Local\Microsoft\WindowsApps;C:\Users\lavila\AppData\Local\Programs\Microsoft VS Code\bin;C:\Users\lavila\AppData\Roaming\npm;C:\Users\lavila\AppData\Local\Programs\Git\cmd;C:\Users\lavila\AppData\Local\Yarn\bin;C:\Users\lavila\AppData\Local\Roaming\npm;C:\Users\lavila\AppData\Local\GitHubDesktop\bin;C:\Users\lavila\AppData\Local\JetBrains\WebStorm 2021.3.3\bin;

Yarn version: 
  1.22.17

Node version: 
  16.11.1

Platform: 
  win32 x64

Trace: 
  SyntaxError: C:\Users\lavila\Desktop\LMDT\store-theme\react\package.json: Unexpected token / in JSON at position 211
      at JSON.parse (<anonymous>)
      at C:\Users\lavila\AppData\Roaming\npm\node_modules\yarn\lib\cli.js:1625:59
      at Generator.next (<anonymous>)
      at step (C:\Users\lavila\AppData\Roaming\npm\node_modules\yarn\lib\cli.js:310:30)
      at C:\Users\lavila\AppData\Roaming\npm\node_modules\yarn\lib\cli.js:321:13

npm manifest: 
  {
    "name": "react",
    "version": "1.0.0",
    "main": "index.js",
    "license": "MIT",
    "dependencies": {
      "@fortawesome/fontawesome-svg-core": "^6.1.1",
      "@fortawesome/free-solid-svg-icons": "^6.1.1",
      //"@sweetalert/with-react": "^0.1.1",
      "@tabler/icons": "^1.74.0",
      "axios": "^0.27.2",
      "react": "^17.0.2",
      "react-apollo": "^3.1.5",
      "react-cookie": "^4.1.1",
      "react-dom": "^17.0.2",
      "react-icons": "^4.4.0",
      "react-router-dom": "^6.3.0",
      "react-use-cookie": "^1.4.0",
      "sweetalert": "^2.1.2"
    },
    "devDependencies": {
      "@types/node": "^14.0.27",
      "@types/react": "^16.9.46"
    }
  }

yarn manifest: 
  No manifest

Lockfile: 
  # THIS IS AN AUTOGENERATED FILE. DO NOT EDIT THIS FILE DIRECTLY.
  # yarn lockfile v1
  
  
  "@apollo/react-common@^3.1.4":
    version "3.1.4"
    resolved "https://registry.npmjs.org/@apollo/react-common/-/react-common-3.1.4.tgz"
    integrity sha512-X5Kyro73bthWSCBJUC5XYQqMnG0dLWuDZmVkzog9dynovhfiVCV4kPSdgSIkqnb++cwCzOVuQ4rDKVwo2XRzQA==
    dependencies:
      ts-invariant "^0.4.4"
      tslib "^1.10.0"
  
  "@apollo/react-components@^3.1.5":
    version "3.1.5"
    resolved "https://registry.npmjs.org/@apollo/react-components/-/react-components-3.1.5.tgz"
    integrity sha512-c82VyUuE9VBnJB7bnX+3dmwpIPMhyjMwyoSLyQWPHxz8jK4ak30XszJtqFf4eC4hwvvLYa+Ou6X73Q8V8e2/jg==
    dependencies:
      "@apollo/react-common" "^3.1.4"
      "@apollo/react-hooks" "^3.1.5"
      prop-types "^15.7.2"
      ts-invariant "^0.4.4"
      tslib "^1.10.0"
  
  "@apollo/react-hoc@^3.1.5":
    version "3.1.5"
    resolved "https://registry.npmjs.org/@apollo/react-hoc/-/react-hoc-3.1.5.tgz"
    integrity sha512-jlZ2pvEnRevLa54H563BU0/xrYSgWQ72GksarxUzCHQW85nmn9wQln0kLBX7Ua7SBt9WgiuYQXQVechaaCulfQ==
    dependencies:
      "@apollo/react-common" "^3.1.4"
      "@apollo/react-components" "^3.1.5"
      hoist-non-react-statics "^3.3.0"
      ts-invariant "^0.4.4"
      tslib "^1.10.0"
  
  "@apollo/react-hooks@^3.1.5":
    version "3.1.5"
    resolved "https://registry.npmjs.org/@apollo/react-hooks/-/react-hooks-3.1.5.tgz"
    integrity sha512-y0CJ393DLxIIkksRup4nt+vSjxalbZBXnnXxYbviq/woj+zKa431zy0yT4LqyRKpFy9ahMIwxBnBwfwIoupqLQ==
    dependencies:
      "@apollo/react-common" "^3.1.4"
      "@wry/equality" "^0.1.9"
      ts-invariant "^0.4.4"
      tslib "^1.10.0"
  
  "@apollo/react-ssr@^3.1.5":
    version "3.1.5"
    resolved "https://registry.npmjs.org/@apollo/react-ssr/-/react-ssr-3.1.5.tgz"
    integrity sha512-wuLPkKlctNn3u8EU8rlECyktpOUCeekFfb0KhIKknpGY6Lza2Qu0bThx7D9MIbVEzhKadNNrzLcpk0Y8/5UuWg==
    dependencies:
      "@apollo/react-common" "^3.1.4"
      "@apollo/react-hooks" "^3.1.5"
      tslib "^1.10.0"
  
  "@babel/runtime@^7.7.6":
    version "7.18.6"
    resolved "https://registry.npmjs.org/@babel/runtime/-/runtime-7.18.6.tgz"
    integrity sha512-t9wi7/AW6XtKahAe20Yw0/mMljKq0B1r2fPdvaAdV/KPDZewFXdaaa6K7lxmZBZ8FBNpCiAT6iHPmd6QO9bKfQ==
    dependencies:
      regenerator-runtime "^0.13.4"
  
  "@fortawesome/fontawesome-common-types@6.1.1":
    version "6.1.1"
    resolved "https://registry.npmjs.org/@fortawesome/fontawesome-common-types/-/fontawesome-common-types-6.1.1.tgz"
    integrity sha512-wVn5WJPirFTnzN6tR95abCx+ocH+3IFLXAgyavnf9hUmN0CfWoDjPT/BAWsUVwSlYYVBeCLJxaqi7ZGe4uSjBA==
  
  "@fortawesome/fontawesome-svg-core@^6.1.1":
    version "6.1.1"
    resolved "https://registry.npmjs.org/@fortawesome/fontawesome-svg-core/-/fontawesome-svg-core-6.1.1.tgz"
    integrity sha512-NCg0w2YIp81f4V6cMGD9iomfsIj7GWrqmsa0ZsPh59G7PKiGN1KymZNxmF00ssuAlo/VZmpK6xazsGOwzKYUMg==
    dependencies:
      "@fortawesome/fontawesome-common-types" "6.1.1"
  
  "@fortawesome/free-solid-svg-icons@^6.1.1":
    version "6.1.1"
    resolved "https://registry.npmjs.org/@fortawesome/free-solid-svg-icons/-/free-solid-svg-icons-6.1.1.tgz"
    integrity sha512-0/5exxavOhI/D4Ovm2r3vxNojGZioPwmFrKg0ZUH69Q68uFhFPs6+dhAToh6VEQBntxPRYPuT5Cg1tpNa9JUPg==
    dependencies:
      "@fortawesome/fontawesome-common-types" "6.1.1"
  
  "@sweetalert/transformer@^0.1.1":
    version "0.1.1"
    resolved "https://registry.yarnpkg.com/@sweetalert/transformer/-/transformer-0.1.1.tgz#638bdd20b862f03579fd906578dc9355db00887a"
    integrity sha512-QdV8CrelIoK95kWOrZNMKXL9oEQFsvaForZcw2UijhmVJX/wzopPRLT/sAg51436TJ4q5angt8BvHQInehGFHA==
  
  "@sweetalert/with-react@^0.1.1":
    version "0.1.1"
    resolved "https://registry.yarnpkg.com/@sweetalert/with-react/-/with-react-0.1.1.tgz#5fe4ca967ae8fb34868ef0b9e52013b783e665d5"
    integrity sha512-LC9eMYKsv8ydvhvKufdVPOIMDgbAFsxn7eeKWadwvXPsFcflosfm/cXZSO0Ras5TuaO3WxHEgvitKD6UfpeIwQ==
    dependencies:
      "@sweetalert/transformer" "^0.1.1"
  
  "@tabler/icons@^1.74.0":
    version "1.74.0"
    resolved "https://registry.npmjs.org/@tabler/icons/-/icons-1.74.0.tgz"
    integrity sha512-kzoA8YTogdn6CBY4C0eopOZxAsWsSAQouHdydNhr6nFj4LZXHIStYGSt0R9B05fHSBVMic0d6ZRbpKuxMFqsWQ==
  
  "@types/cookie@^0.3.3":
    version "0.3.3"
    resolved "https://registry.npmjs.org/@types/cookie/-/cookie-0.3.3.tgz"
    integrity sha512-LKVP3cgXBT9RYj+t+9FDKwS5tdI+rPBXaNSkma7hvqy35lc7mAokC2zsqWJH0LaqIt3B962nuYI77hsJoT1gow==
  
  "@types/hoist-non-react-statics@^3.0.1":
    version "3.3.1"
    resolved "https://registry.npmjs.org/@types/hoist-non-react-statics/-/hoist-non-react-statics-3.3.1.tgz"
    integrity sha512-iMIqiko6ooLrTh1joXodJK5X9xeEALT1kM5G3ZLhD3hszxBdIEd5C75U834D9mLcINgD4OyZf5uQXjkuYydWvA==
    dependencies:
      "@types/react" "*"
      hoist-non-react-statics "^3.3.0"
  
  "@types/node@^14.0.27":
    version "14.18.21"
    resolved "https://registry.npmjs.org/@types/node/-/node-14.18.21.tgz"
    integrity sha512-x5W9s+8P4XteaxT/jKF0PSb7XEvo5VmqEWgsMlyeY4ZlLK8I6aH6g5TPPyDlLAep+GYf4kefb7HFyc7PAO3m+Q==
  
  "@types/prop-types@*":
    version "15.7.5"
    resolved "https://registry.npmjs.org/@types/prop-types/-/prop-types-15.7.5.tgz"
    integrity sha512-JCB8C6SnDoQf0cNycqd/35A7MjcnK+ZTqE7judS6o7utxUCg6imJg3QK2qzHKszlTjcj2cn+NwMB2i96ubpj7w==
  
  "@types/react@*", "@types/react@^16.9.46":
    version "16.14.28"
    resolved "https://registry.npmjs.org/@types/react/-/react-16.14.28.tgz"
    integrity sha512-83zBE6+XUVXsdL3iFzOyUewdauaU+KviKCHEGOgSW52coAuqW7tEKQM0E9+ZC0Zk6TELQ2/JgogPvp7FavzFwg==
    dependencies:
      "@types/prop-types" "*"
      "@types/scheduler" "*"
      csstype "^3.0.2"
  
  "@types/scheduler@*":
    version "0.16.2"
    resolved "https://registry.npmjs.org/@types/scheduler/-/scheduler-0.16.2.tgz"
    integrity sha512-hppQEBDmlwhFAXKJX2KnWLYu5yMfi91yazPb2l+lbJiwW+wdo1gNeRA+3RgNSO39WYX2euey41KEwnqesU2Jew==
  
  "@wry/equality@^0.1.9":
    version "0.1.11"
    resolved "https://registry.npmjs.org/@wry/equality/-/equality-0.1.11.tgz"
    integrity sha512-mwEVBDUVODlsQQ5dfuLUS5/Tf7jqUKyhKYHmVi4fPB6bDMOfWvUPJmKgS1Z7Za/sOI3vzWt4+O7yCiL/70MogA==
    dependencies:
      tslib "^1.9.3"
  
  asynckit@^0.4.0:
    version "0.4.0"
    resolved "https://registry.npmjs.org/asynckit/-/asynckit-0.4.0.tgz"
    integrity sha512-Oei9OH4tRh0YqU3GxhX79dM/mwVgvbZJaSNaRk+bshkj0S5cfHcgYakreBjrHwatXKbz+IoIdYLxrKim2MjW0Q==
  
  axios@^0.27.2:
    version "0.27.2"
    resolved "https://registry.npmjs.org/axios/-/axios-0.27.2.tgz"
    integrity sha512-t+yRIyySRTp/wua5xEr+z1q60QmLq8ABsS5O9Me1AsE5dfKqgnCFzwiCZZ/cGNd1lq4/7akDWMxdhVlucjmnOQ==
    dependencies:
      follow-redirects "^1.14.9"
      form-data "^4.0.0"
  
  combined-stream@^1.0.8:
    version "1.0.8"
    resolved "https://registry.npmjs.org/combined-stream/-/combined-stream-1.0.8.tgz"
    integrity sha512-FQN4MRfuJeHf7cBbBMJFXhKSDq+2kAArBlmRBvcvFE5BB1HZKXtSFASDhdlz9zOYwxh8lDdnvmMOe/+5cdoEdg==
    dependencies:
      delayed-stream "~1.0.0"
  
  cookie@^0.4.0:
    version "0.4.2"
    resolved "https://registry.npmjs.org/cookie/-/cookie-0.4.2.tgz"
    integrity sha512-aSWTXFzaKWkvHO1Ny/s+ePFpvKsPnjc551iI41v3ny/ow6tBG5Vd+FuqGNhh1LxOmVzOlGUriIlOaokOvhaStA==
  
  csstype@^3.0.2:
    version "3.1.0"
    resolved "https://registry.npmjs.org/csstype/-/csstype-3.1.0.tgz"
    integrity sha512-uX1KG+x9h5hIJsaKR9xHUeUraxf8IODOwq9JLNPq6BwB04a/xgpq3rcx47l5BZu5zBPlgD342tdke3Hom/nJRA==
  
  delayed-stream@~1.0.0:
    version "1.0.0"
    resolved "https://registry.npmjs.org/delayed-stream/-/delayed-stream-1.0.0.tgz"
    integrity sha512-ZySD7Nf91aLB0RxL4KGrKHBXl7Eds1DAmEdcoVawXnLD7SDhpNgtuII2aAkg7a7QS41jxPSZ17p4VdGnMHk3MQ==
  
  es6-object-assign@^1.1.0:
    version "1.1.0"
    resolved "https://registry.npmjs.org/es6-object-assign/-/es6-object-assign-1.1.0.tgz"
    integrity sha512-MEl9uirslVwqQU369iHNWZXsI8yaZYGg/D65aOgZkeyFJwHYSxilf7rQzXKI7DdDuBPrBXbfk3sl9hJhmd5AUw==
  
  follow-redirects@^1.14.9:
    version "1.15.1"
    resolved "https://registry.npmjs.org/follow-redirects/-/follow-redirects-1.15.1.tgz"
    integrity sha512-yLAMQs+k0b2m7cVxpS1VKJVvoz7SS9Td1zss3XRwXj+ZDH00RJgnuLx7E44wx02kQLrdM3aOOy+FpzS7+8OizA==
  
  form-data@^4.0.0:
    version "4.0.0"
    resolved "https://registry.npmjs.org/form-data/-/form-data-4.0.0.tgz"
    integrity sha512-ETEklSGi5t0QMZuiXoA/Q6vcnxcLQP5vdugSpuAyi6SVGi2clPPp+xgEhuMaHC+zGgn31Kd235W35f7Hykkaww==
    dependencies:
      asynckit "^0.4.0"
      combined-stream "^1.0.8"
      mime-types "^2.1.12"
  
  history@^5.2.0:
    version "5.3.0"
    resolved "https://registry.npmjs.org/history/-/history-5.3.0.tgz"
    integrity sha512-ZqaKwjjrAYUYfLG+htGaIIZ4nioX2L70ZUMIFysS3xvBsSG4x/n1V6TXV3N8ZYNuFGlDirFg32T7B6WOUPDYcQ==
    dependencies:
      "@babel/runtime" "^7.7.6"
  
  hoist-non-react-statics@^3.0.0, hoist-non-react-statics@^3.3.0:
    version "3.3.2"
    resolved "https://registry.npmjs.org/hoist-non-react-statics/-/hoist-non-react-statics-3.3.2.tgz"
    integrity sha512-/gGivxi8JPKWNm/W0jSmzcMPpfpPLc3dY/6GxhX2hQ9iGj3aDfklV4ET7NjKpSinLpJ5vafa9iiGIEZg10SfBw==
    dependencies:
      react-is "^16.7.0"
  
  "js-tokens@^3.0.0 || ^4.0.0":
    version "4.0.0"
    resolved "https://registry.npmjs.org/js-tokens/-/js-tokens-4.0.0.tgz"
    integrity sha512-RdJUflcE3cUzKiMqQgsCu06FPu9UdIJO0beYbPhHN4k6apgJtifcoCtT9bcxOpYBtpD2kCM6Sbzg4CausW/PKQ==
  
  loose-envify@^1.1.0, loose-envify@^1.4.0:
    version "1.4.0"
    resolved "https://registry.npmjs.org/loose-envify/-/loose-envify-1.4.0.tgz"
    integrity sha512-lyuxPGr/Wfhrlem2CL/UcnUc1zcqKAImBDzukY7Y5F/yQiNdko6+fRLevlw1HgMySw7f611UIY408EtxRSoK3Q==
    dependencies:
      js-tokens "^3.0.0 || ^4.0.0"
  
  mime-db@1.52.0:
    version "1.52.0"
    resolved "https://registry.npmjs.org/mime-db/-/mime-db-1.52.0.tgz"
    integrity sha512-sPU4uV7dYlvtWJxwwxHD0PuihVNiE7TyAbQ5SWxDCB9mUYvOgroQOwYQQOKPJ8CIbE+1ETVlOoK1UC2nU3gYvg==
  
  mime-types@^2.1.12:
    version "2.1.35"
    resolved "https://registry.npmjs.org/mime-types/-/mime-types-2.1.35.tgz"
    integrity sha512-ZDY+bPm5zTTF+YpCrAU9nK0UgICYPT0QtT1NZWFv4s++TNkcgVaT0g6+4R2uI4MjQjzysHB1zxuWL50hzaeXiw==
    dependencies:
      mime-db "1.52.0"
  
  object-assign@^4.1.1:
    version "4.1.1"
    resolved "https://registry.npmjs.org/object-assign/-/object-assign-4.1.1.tgz"
    integrity sha512-rJgTQnkUnH1sFw8yT6VSU3zD3sWmu6sZhIseY8VX+GRu3P6F7Fu+JNDoXfklElbLJSnc3FUQHVe4cU5hj+BcUg==
  
  promise-polyfill@^6.0.2:
    version "6.1.0"
    resolved "https://registry.npmjs.org/promise-polyfill/-/promise-polyfill-6.1.0.tgz"
    integrity sha512-g0LWaH0gFsxovsU7R5LrrhHhWAWiHRnh1GPrhXnPgYsDkIqjRYUYSZEsej/wtleDrz5xVSIDbeKfidztp2XHFQ==
  
  prop-types@^15.7.2:
    version "15.8.1"
    resolved "https://registry.npmjs.org/prop-types/-/prop-types-15.8.1.tgz"
    integrity sha512-oj87CgZICdulUohogVAR7AjlC0327U4el4L6eAvOqCeudMDVU0NThNaV+b9Df4dXgSP1gXMTnPdhfe/2qDH5cg==
    dependencies:
      loose-envify "^1.4.0"
      object-assign "^4.1.1"
      react-is "^16.13.1"
  
  react-apollo@^3.1.5:
    version "3.1.5"
    resolved "https://registry.npmjs.org/react-apollo/-/react-apollo-3.1.5.tgz"
    integrity sha512-xOxMqxORps+WHrUYbjVHPliviomefOpu5Sh35oO3osuOyPTxvrljdfTLGCggMhcXBsDljtS5Oy4g+ijWg3D4JQ==
    dependencies:
      "@apollo/react-common" "^3.1.4"
      "@apollo/react-components" "^3.1.5"
      "@apollo/react-hoc" "^3.1.5"
      "@apollo/react-hooks" "^3.1.5"
      "@apollo/react-ssr" "^3.1.5"
  
  react-cookie@^4.1.1:
    version "4.1.1"
    resolved "https://registry.npmjs.org/react-cookie/-/react-cookie-4.1.1.tgz"
    integrity sha512-ffn7Y7G4bXiFbnE+dKhHhbP+b8I34mH9jqnm8Llhj89zF4nPxPutxHT1suUqMeCEhLDBI7InYwf1tpaSoK5w8A==
    dependencies:
      "@types/hoist-non-react-statics" "^3.0.1"
      hoist-non-react-statics "^3.0.0"
      universal-cookie "^4.0.0"
  
  react-dom@^17.0.2:
    version "17.0.2"
    resolved "https://registry.npmjs.org/react-dom/-/react-dom-17.0.2.tgz"
    integrity sha512-s4h96KtLDUQlsENhMn1ar8t2bEa+q/YAtj8pPPdIjPDGBDIVNsrD9aXNWqspUe6AzKCIG0C1HZZLqLV7qpOBGA==
    dependencies:
      loose-envify "^1.1.0"
      object-assign "^4.1.1"
      scheduler "^0.20.2"
  
  react-icons@^4.4.0:
    version "4.4.0"
    resolved "https://registry.npmjs.org/react-icons/-/react-icons-4.4.0.tgz"
    integrity sha512-fSbvHeVYo/B5/L4VhB7sBA1i2tS8MkT0Hb9t2H1AVPkwGfVHLJCqyr2Py9dKMxsyM63Eng1GkdZfbWj+Fmv8Rg==
  
  react-is@^16.13.1, react-is@^16.7.0:
    version "16.13.1"
    resolved "https://registry.npmjs.org/react-is/-/react-is-16.13.1.tgz"
    integrity sha512-24e6ynE2H+OKt4kqsOvNd8kBpV65zoxbA4BVsEOB3ARVWQki/DHzaUoC5KuON/BiccDaCCTZBuOcfZs70kR8bQ==
  
  react-router-dom@^6.3.0:
    version "6.3.0"
    resolved "https://registry.npmjs.org/react-router-dom/-/react-router-dom-6.3.0.tgz"
    integrity sha512-uaJj7LKytRxZNQV8+RbzJWnJ8K2nPsOOEuX7aQstlMZKQT0164C+X2w6bnkqU3sjtLvpd5ojrezAyfZ1+0sStw==
    dependencies:
      history "^5.2.0"
      react-router "6.3.0"
  
  react-router@6.3.0:
    version "6.3.0"
    resolved "https://registry.npmjs.org/react-router/-/react-router-6.3.0.tgz"
    integrity sha512-7Wh1DzVQ+tlFjkeo+ujvjSqSJmkt1+8JO+T5xklPlgrh70y7ogx75ODRW0ThWhY7S+6yEDks8TYrtQe/aoboBQ==
    dependencies:
      history "^5.2.0"
  
  react-use-cookie@^1.4.0:
    version "1.4.0"
    resolved "https://registry.npmjs.org/react-use-cookie/-/react-use-cookie-1.4.0.tgz"
    integrity sha512-e21YFkimh8OX6Ctqq89YeeiwsIL1jr2GyCeBdkBKDWY5X5o2yonbQuqfFODK4opteJS3F7ya0OuYg06lOeqvJQ==
  
  react@^17.0.2:
    version "17.0.2"
    resolved "https://registry.npmjs.org/react/-/react-17.0.2.tgz"
    integrity sha512-gnhPt75i/dq/z3/6q/0asP78D0u592D5L1pd7M8P+dck6Fu/jJeL6iVVK23fptSUZj8Vjf++7wXA8UNclGQcbA==
    dependencies:
      loose-envify "^1.1.0"
      object-assign "^4.1.1"
  
  regenerator-runtime@^0.13.4:
    version "0.13.9"
    resolved "https://registry.npmjs.org/regenerator-runtime/-/regenerator-runtime-0.13.9.tgz"
    integrity sha512-p3VT+cOEgxFsRRA9X4lkI1E+k2/CtnKtU4gcxyaCUreilL/vqI6CdZ3wxVUx3UOUg+gnUOQQcRI7BmSI656MYA==
  
  scheduler@^0.20.2:
    version "0.20.2"
    resolved "https://registry.npmjs.org/scheduler/-/scheduler-0.20.2.tgz"
    integrity sha512-2eWfGgAqqWFGqtdMmcL5zCMK1U8KlXv8SQFGglL3CEtd0aDVDWgeF/YoCmvln55m5zSk3J/20hTaSBeSObsQDQ==
    dependencies:
      loose-envify "^1.1.0"
      object-assign "^4.1.1"
  
  sweetalert@^2.1.2:
    version "2.1.2"
    resolved "https://registry.npmjs.org/sweetalert/-/sweetalert-2.1.2.tgz"
    integrity sha512-iWx7X4anRBNDa/a+AdTmvAzQtkN1+s4j/JJRWlHpYE8Qimkohs8/XnFcWeYHH2lMA8LRCa5tj2d244If3S/hzA==
    dependencies:
      es6-object-assign "^1.1.0"
      promise-polyfill "^6.0.2"
  
  ts-invariant@^0.4.4:
    version "0.4.4"
    resolved "https://registry.npmjs.org/ts-invariant/-/ts-invariant-0.4.4.tgz"
    integrity sha512-uEtWkFM/sdZvRNNDL3Ehu4WVpwaulhwQszV8mrtcdeE8nN00BV9mAmQ88RkrBhFgl9gMgvjJLAQcZbnPXI9mlA==
    dependencies:
      tslib "^1.9.3"
  
  tslib@^1.10.0, tslib@^1.9.3:
    version "1.14.1"
    resolved "https://registry.npmjs.org/tslib/-/tslib-1.14.1.tgz"
    integrity sha512-Xni35NKzjgMrwevysHTCArtLDpPvye8zV/0E4EyYn43P7/7qvQwPh9BGkHewbMulVntbigmcT7rdX3BNo9wRJg==
  
  universal-cookie@^4.0.0:
    version "4.0.4"
    resolved "https://registry.npmjs.org/universal-cookie/-/universal-cookie-4.0.4.tgz"
    integrity sha512-lbRVHoOMtItjWbM7TwDLdl8wug7izB0tq3/YVKhT/ahB4VDvWMyvnADfnJI8y6fSvsjh51Ix7lTGC6Tn4rMPhw==
    dependencies:
      "@types/cookie" "^0.3.3"
      cookie "^0.4.0"
